<?xml version="1.0" encoding="UTF-8"?>
<testng-results skipped="0" failed="0" ignored="0" total="1" passed="1">
  <reporter-output>
  </reporter-output>
  <suite name="Suite" duration-ms="84974" started-at="2019-06-02T11:07:12Z" finished-at="2019-06-02T11:08:37Z">
    <groups>
    </groups>
    <test name="Test" duration-ms="84974" started-at="2019-06-02T11:07:12Z" finished-at="2019-06-02T11:08:37Z">
      <class name="com.playwithnumbers.demoproject.playDemo">
        <test-method status="PASS" signature="playdemo()[pri:0, instance:com.playwithnumbers.demoproject.playDemo@6d8a00e3]" name="playdemo" duration-ms="84828" started-at="2019-06-02T11:07:12Z" finished-at="2019-06-02T11:08:37Z">
          <reporter-output>
          </reporter-output>
        </test-method> <!-- playdemo -->
      </class> <!-- com.playwithnumbers.demoproject.playDemo -->
    </test> <!-- Test -->
  </suite> <!-- Suite -->
</testng-results>
